<?xml version="1.0" encoding="UTF-8"?>
<!-- Generated by org.testng.reporters.JUnitReportReporter -->
<testsuite hostname="LAPTOP-MFQPPKS7" failures="0" tests="1" name="automation.testsuite.Day7_Practice" time="6.540" errors="0" timestamp="2024-01-25T21:26:23 ICT" skipped="0">
  <testcase classname="automation.testsuite.Day7_Practice" name="testBepAnToan" time="6.540"/>
  <system-out/>
</testsuite> <!-- automation.testsuite.Day7_Practice -->
